<?xml version="1.0" encoding="UTF-8"?>
<testng-results ignored="0" total="2" passed="2" failed="0" skipped="0">
  <reporter-output>
  </reporter-output>
  <suite started-at="2020-09-20T13:02:04 EDT" name="Default suite" finished-at="2020-09-20T13:02:05 EDT" duration-ms="130">
    <groups>
    </groups>
    <test started-at="2020-09-20T13:02:04 EDT" name="Default test" finished-at="2020-09-20T13:02:05 EDT" duration-ms="130">
      <class name="Testngsample">
        <test-method is-config="true" signature="openbrowser()[pri:0, instance:Testngsample@add0edd]" started-at="2020-09-20T13:02:04 EDT" name="openbrowser" finished-at="2020-09-20T13:02:05 EDT" duration-ms="26" status="PASS">
          <reporter-output>
          </reporter-output>
        </test-method> <!-- openbrowser -->
        <test-method signature="Registration()[pri:0, instance:Testngsample@add0edd]" started-at="2020-09-20T13:02:05 EDT" name="Registration" finished-at="2020-09-20T13:02:05 EDT" duration-ms="14" status="PASS">
          <reporter-output>
          </reporter-output>
        </test-method> <!-- Registration -->
        <test-method signature="Login()[pri:1, instance:Testngsample@add0edd]" started-at="2020-09-20T13:02:05 EDT" name="Login" finished-at="2020-09-20T13:02:05 EDT" duration-ms="3" status="PASS">
          <reporter-output>
          </reporter-output>
        </test-method> <!-- Login -->
      </class> <!-- Testngsample -->
    </test> <!-- Default test -->
  </suite> <!-- Default suite -->
</testng-results>
